        -:    0:Source:romanos.cpp
        -:    1:#include "romanos.hpp"
        -:    2:
        7:    3:int romanos_para_decimal(char const * num_romano) {
        7:    4:  if (num_romano[0] == 'I') return 1;
        6:    5:  if (num_romano[0] == 'V') return 5;
        5:    6:  if (num_romano[0] == 'X') return 10;
        4:    7:  if (num_romano[0] == 'L') return 50;
        3:    8:  if (num_romano[0] == 'C') return 100;
        2:    9:  if (num_romano[0] == 'D') return 500;
        1:   10:  if (num_romano[0] == 'M') return 1000;
    #####:   11:  return -1; // para casos não cobertos
        -:   12:}
